Arguments: 
  C:\Program Files\nodejs\node.exe C:\Users\DELL\AppData\Roaming\npm\node_modules\yarn\bin\yarn.js add react-native-tab-view

PATH: 
  C:\Program Files\nodejs;C:\Program Files\nodejs\;C:\Program Files\Git\cmd;C:\Users\DELL\AppData\Local\Microsoft\WindowsApps;C:\Users\DELL\AppData\Roaming\npm;C:\Users\DELL\AppData\Local\atom\bin;C:\Users\DELL\AppData\Local\Android\sdk;C:\Users\DELL\AppData\Local\Android\sdk\platform-tools;C:\Users\DELL\AppData\Local\Android\sdk\tools

Yarn version: 
  0.27.5

Node version: 
  6.11.1

Platform: 
  win32 x64

npm manifest: 
  {
    "name": "AwesomeProject",
    "version": "0.1.0",
    "private": true,
    "devDependencies": {
      "react-native-scripts": "1.1.0",
      "jest-expo": "~19.0.0",
      "react-test-renderer": "16.0.0-alpha.12"
    },
    "main": "./node_modules/react-native-scripts/build/bin/crna-entry.js",
    "scripts": {
      "start": "react-native-scripts start",
      "eject": "react-native-scripts eject",
      "android": "react-native-scripts android",
      "ios": "react-native-scripts ios",
      "test": "node node_modules/jest/bin/jest.js --watch"
    },
    "jest": {
      "preset": "jest-expo"
    },
    "dependencies": {
      "expo": "^19.0.0",
      "react": "16.0.0-alpha.12",
      "react-native": "^0.46.1"
    }
  }

yarn manifest: 
  No manifest

Lockfile: 
  No lockfile

Trace: 
  Error: getaddrinfo ENOENT registry.yarnpkg.com:443
      at Object.exports._errnoException (util.js:1018:11)
      at errnoException (dns.js:33:15)
      at GetAddrInfoReqWrap.onlookup [as oncomplete] (dns.js:76:26)
